<?xml version="1.0" encoding="UTF-8"?>
<testsuite xmlns:xsi="http://www.w3.org/2001/XMLSchema-instance" xsi:noNamespaceSchemaLocation="https://maven.apache.org/surefire/maven-surefire-plugin/xsd/surefire-test-report.xsd" name="TestSuite" time="43.336" tests="2" errors="0" skipped="0" failures="0">
  <properties>
[...]
</properties>
  <testcase name="translateTest" classname="com.nuna.tests.TranslateTest" time="36.246"/>
  <testcase name="onScreenKeyboardTest" classname="com.nuna.tests.TranslateTest" time="2.464"/>
</testsuite>