<?xml version="1.0" encoding="UTF-8"?>
<testng-results ignored="0" total="1" passed="1" failed="0" skipped="0">
  <reporter-output>
  </reporter-output>
  <suite started-at="2022-07-10T17:04:06 EDT" name="Suite" finished-at="2022-07-10T17:04:46 EDT" duration-ms="40308">
    <groups>
    </groups>
    <test started-at="2022-07-10T17:04:06 EDT" name="Tests Execution" finished-at="2022-07-10T17:04:46 EDT" duration-ms="40308">
      <class name="com.nuna.tests.TranslateTest">
        <test-method is-config="true" signature="configBeforeClass()[pri:0, instance:com.nuna.tests.TranslateTest@20d28811]" started-at="2022-07-10T17:04:06 EDT" name="configBeforeClass" finished-at="2022-07-10T17:04:09 EDT" duration-ms="3212" status="PASS">
          <reporter-output>
          </reporter-output>
        </test-method> <!-- configBeforeClass -->
        <test-method signature="translateTest()[pri:0, instance:com.nuna.tests.TranslateTest@20d28811]" started-at="2022-07-10T17:04:09 EDT" name="translateTest" finished-at="2022-07-10T17:04:46 EDT" duration-ms="36310" status="PASS">
          <reporter-output>
          </reporter-output>
        </test-method> <!-- translateTest -->
        <test-method is-config="true" signature="afterMethod(org.testng.ITestResult)[pri:0, instance:com.nuna.tests.TranslateTest@20d28811]" started-at="2022-07-10T17:04:46 EDT" name="afterMethod" finished-at="2022-07-10T17:04:46 EDT" duration-ms="753" status="PASS">
          <params>
            <param index="0">
              <value>
                <![CDATA[[TestResult name=translateTest status=SUCCESS method=TranslateTest.translateTest()[pri:0, instance:com.nuna.tests.TranslateTest@20d28811] output={null}]]]>
              </value>
            </param>
          </params>
          <reporter-output>
          </reporter-output>
        </test-method> <!-- afterMethod -->
        <test-method is-config="true" signature="afterClass()[pri:0, instance:com.nuna.tests.TranslateTest@20d28811]" started-at="2022-07-10T17:04:46 EDT" name="afterClass" finished-at="2022-07-10T17:04:46 EDT" duration-ms="1" status="PASS">
          <reporter-output>
          </reporter-output>
        </test-method> <!-- afterClass -->
      </class> <!-- com.nuna.tests.TranslateTest -->
    </test> <!-- Tests Execution -->
  </suite> <!-- Suite -->
</testng-results>
