<?xml version="1.0" encoding="UTF-8"?>
<testng-results ignored="0" total="1" passed="1" failed="0" skipped="0">
  <reporter-output>
  </reporter-output>
  <suite started-at="2022-07-10T16:01:43 EDT" name="Default suite" finished-at="2022-07-10T16:02:22 EDT" duration-ms="38719">
    <groups>
    </groups>
    <test started-at="2022-07-10T16:01:43 EDT" name="Default test" finished-at="2022-07-10T16:02:22 EDT" duration-ms="38719">
      <class name="com.nuna.tests.TranslateTest">
        <test-method is-config="true" signature="configBeforeClass()[pri:0, instance:com.nuna.tests.TranslateTest@19e4653c]" started-at="2022-07-10T16:01:43 EDT" name="configBeforeClass" finished-at="2022-07-10T16:01:46 EDT" duration-ms="2567" status="PASS">
          <reporter-output>
          </reporter-output>
        </test-method> <!-- configBeforeClass -->
        <test-method signature="translateTest()[pri:0, instance:com.nuna.tests.TranslateTest@19e4653c]" started-at="2022-07-10T16:01:46 EDT" name="translateTest" finished-at="2022-07-10T16:02:21 EDT" duration-ms="35116" status="PASS">
          <reporter-output>
          </reporter-output>
        </test-method> <!-- translateTest -->
        <test-method is-config="true" signature="afterMethod(org.testng.ITestResult)[pri:0, instance:com.nuna.tests.TranslateTest@19e4653c]" started-at="2022-07-10T16:02:21 EDT" name="afterMethod" finished-at="2022-07-10T16:02:22 EDT" duration-ms="986" status="PASS">
          <params>
            <param index="0">
              <value>
                <![CDATA[[TestResult name=translateTest status=SUCCESS method=TranslateTest.translateTest()[pri:0, instance:com.nuna.tests.TranslateTest@19e4653c] output={null}]]]>
              </value>
            </param>
          </params>
          <reporter-output>
          </reporter-output>
        </test-method> <!-- afterMethod -->
        <test-method is-config="true" signature="afterClass()[pri:0, instance:com.nuna.tests.TranslateTest@19e4653c]" started-at="2022-07-10T16:02:22 EDT" name="afterClass" finished-at="2022-07-10T16:02:22 EDT" duration-ms="2" status="PASS">
          <reporter-output>
          </reporter-output>
        </test-method> <!-- afterClass -->
      </class> <!-- com.nuna.tests.TranslateTest -->
    </test> <!-- Default test -->
  </suite> <!-- Default suite -->
</testng-results>
