<?xml version="1.0" encoding="UTF-8"?>
<testng-results ignored="0" total="2" passed="2" failed="0" skipped="0">
  <reporter-output>
  </reporter-output>
  <suite started-at="2022-07-10T20:05:24 EDT" name="Default suite" finished-at="2022-07-10T20:06:07 EDT" duration-ms="43194">
    <groups>
    </groups>
    <test started-at="2022-07-10T20:05:24 EDT" name="Default test" finished-at="2022-07-10T20:06:07 EDT" duration-ms="43194">
      <class name="com.nuna.tests.TranslateTest">
        <test-method is-config="true" signature="configBeforeClass()[pri:0, instance:com.nuna.tests.TranslateTest@795509d9]" started-at="2022-07-10T20:05:24 EDT" name="configBeforeClass" finished-at="2022-07-10T20:05:28 EDT" duration-ms="3598" status="PASS">
          <reporter-output>
          </reporter-output>
        </test-method> <!-- configBeforeClass -->
        <test-method signature="translateTest()[pri:1, instance:com.nuna.tests.TranslateTest@795509d9]" started-at="2022-07-10T20:05:28 EDT" name="translateTest" finished-at="2022-07-10T20:06:04 EDT" duration-ms="36125" status="PASS">
          <reporter-output>
          </reporter-output>
        </test-method> <!-- translateTest -->
        <test-method is-config="true" signature="afterMethod(org.testng.ITestResult)[pri:0, instance:com.nuna.tests.TranslateTest@795509d9]" started-at="2022-07-10T20:06:04 EDT" name="afterMethod" finished-at="2022-07-10T20:06:04 EDT" duration-ms="2" status="PASS">
          <params>
            <param index="0">
              <value>
                <![CDATA[[TestResult name=translateTest status=SUCCESS method=TranslateTest.translateTest()[pri:1, instance:com.nuna.tests.TranslateTest@795509d9] output={null}]]]>
              </value>
            </param>
          </params>
          <reporter-output>
          </reporter-output>
        </test-method> <!-- afterMethod -->
        <test-method signature="onScreenKeyboardTest()[pri:2, instance:com.nuna.tests.TranslateTest@795509d9]" started-at="2022-07-10T20:06:04 EDT" name="onScreenKeyboardTest" finished-at="2022-07-10T20:06:07 EDT" duration-ms="2568" status="PASS">
          <reporter-output>
          </reporter-output>
        </test-method> <!-- onScreenKeyboardTest -->
        <test-method is-config="true" signature="afterMethod(org.testng.ITestResult)[pri:0, instance:com.nuna.tests.TranslateTest@795509d9]" started-at="2022-07-10T20:06:07 EDT" name="afterMethod" finished-at="2022-07-10T20:06:07 EDT" duration-ms="0" status="PASS">
          <params>
            <param index="0">
              <value>
                <![CDATA[[TestResult name=onScreenKeyboardTest status=SUCCESS method=TranslateTest.onScreenKeyboardTest()[pri:2, instance:com.nuna.tests.TranslateTest@795509d9] output={null}]]]>
              </value>
            </param>
          </params>
          <reporter-output>
          </reporter-output>
        </test-method> <!-- afterMethod -->
        <test-method is-config="true" signature="afterClass()[pri:0, instance:com.nuna.tests.TranslateTest@795509d9]" started-at="2022-07-10T20:06:07 EDT" name="afterClass" finished-at="2022-07-10T20:06:07 EDT" duration-ms="824" status="PASS">
          <reporter-output>
          </reporter-output>
        </test-method> <!-- afterClass -->
      </class> <!-- com.nuna.tests.TranslateTest -->
    </test> <!-- Default test -->
  </suite> <!-- Default suite -->
</testng-results>
